Arguments: 
  /home/qwexvf/.asdf/installs/nodejs/16.3.0/bin/node /home/qwexvf/.yarn/releases/yarn-1.22.10.cjs

PATH: 
  /home/qwexvf/.asdf/installs/nodejs/16.3.0/bin:/home/qwexvf/.asdf/installs/nodejs/16.3.0/.npm/bin:/usr/local/opt/libpq/bin:/home/qwexvf/.asdf/installs/nodejs/16.3.0/.npm/bin:/home/qwexvf/.asdf/shims:/home/qwexvf/.asdf/bin:/usr/local/bin:/usr/local/sbin:/home/qwexvf/.local/bin:/usr/local/opt/libpq/bin:/home/qwexvf/.asdf/installs/nodejs/16.3.0/.npm/bin:/home/qwexvf/.cargo/bin:/usr/bin:/usr/bin/site_perl:/usr/bin/vendor_perl:/usr/bin/core_perl:/var/lib/snapd/snap/bin:/usr/local/src/go/bin:/usr/local/src/go/bin

Yarn version: 
  1.22.10

Node version: 
  16.3.0

Platform: 
  linux x64

Trace: 
  Error: ENOENT: no such file or directory, copyfile '/home/qwexvf/.cache/yarn/v6/npm-eslint-utils-3.0.0-8aebaface7345bb33559db0a1f13a1d2d48c3672-integrity/node_modules/eslint-utils/LICENSE' -> '/home/qwexvf/Documents/discord-server/node_modules/@typescript-eslint/experimental-utils/node_modules/eslint-utils/LICENSE'

npm manifest: 
  {
    "name": "~TODO~",
    "version": "0.0.1",
    "scripts": {
      "dev": "svelte-kit dev --host 0.0.0.0",
      "build": "svelte-kit build",
      "preview": "svelte-kit preview",
      "check": "svelte-check --tsconfig ./tsconfig.json",
      "check:watch": "svelte-check --tsconfig ./tsconfig.json --watch",
      "lint": "prettier --check --plugin-search-dir=. . && eslint --ignore-path .gitignore .",
      "format": "prettier --write --plugin-search-dir=. .",
      "prepare": "pnpm run vite-workaround && pnpm run smui-theme-light && pnpm run smui-theme-dark",
      "vite-workaround": "find node_modules/@material/ -name \"*.js.map\" -type f -delete",
      "smui-theme-light": "smui-theme compile static/smui.css -i src/theme",
      "smui-theme-dark": "smui-theme compile static/smui-dark.css -i src/theme/dark"
    },
    "devDependencies": {
      "@sveltejs/kit": "next",
      "@types/cookie": "^0.4.0",
      "@typescript-eslint/eslint-plugin": "^4.19.0",
      "@typescript-eslint/parser": "^4.19.0",
      "eslint": "^7.22.0",
      "eslint-config-prettier": "^8.1.0",
      "eslint-plugin-svelte3": "^3.2.0",
      "prettier": "~2.2.1",
      "prettier-plugin-svelte": "^2.2.0",
      "smui-theme": "^4.2.0",
      "svelte": "^3.34.0",
      "svelte-check": "^2.0.0",
      "svelte-preprocess": "^4.0.0",
      "tslib": "^2.0.0",
      "typescript": "^4.0.0"
    },
    "type": "module",
    "dependencies": {
      "@fontsource/fira-mono": "^4.2.2",
      "@lukeed/uuid": "^2.0.0",
      "@smui/button": "^4.2.0",
      "cookie": "^0.4.1"
    }
  }

yarn manifest: 
  No manifest

Lockfile: 
  No lockfile
